# JRE version: Java(TM) SE Runtime Environment (8.0_101-b13) (build 1.8.0_101-b13)
# Java VM: Java HotSpot(TM) Client VM (25.101-b13 mixed mode windows-x86 )
Heap:
 def new generation   total 20160K, used 4446K [0x02c00000, 0x041e0000, 0x08150000)
  eden space 17920K,  18% used [0x02c00000, 0x02f27ac8, 0x03d80000)
  from space 2240K,  54% used [0x03fb0000, 0x040e00c8, 0x041e0000)
  to   space 2240K,   0% used [0x03d80000, 0x03d80000, 0x03fb0000)
 tenured generation   total 44760K, used 42248K [0x08150000, 0x0ad06000, 0x12c00000)
   the space 44760K,  94% used [0x08150000, 0x0aa92320, 0x0aa92400, 0x0ad06000)
 Metaspace       used 5729K, capacity 5890K, committed 6016K, reserved 6528K
GC Heap History (10 events):
Event: 829.410 GC heap before
{Heap before GC invocations=809 (full 13):
 def new generation   total 20160K, used 19054K [0x02c00000, 0x041e0000, 0x08150000)
  eden space 17920K, 100% used [0x02c00000, 0x03d80000, 0x03d80000)
  from space 2240K,  50% used [0x03d80000, 0x03e9b910, 0x03fb0000)
  to   space 2240K,   0% used [0x03fb0000, 0x03fb0000, 0x041e0000)
 tenured generation   total 44760K, used 41845K [0x08150000, 0x0ad06000, 0x12c00000)
   the space 44760K,  93% used [0x08150000, 0x0aa2d7f8, 0x0aa2d800, 0x0ad06000)
 Metaspace       used 5729K, capacity 5890K, committed 6016K, reserved 6528K
Event: 829.418 GC heap after
Heap after GC invocations=810 (full 13):
 def new generation   total 20160K, used 1082K [0x02c00000, 0x041e0000, 0x08150000)
  eden space 17920K,   0% used [0x02c00000, 0x02c00000, 0x03d80000)
  from space 2240K,  48% used [0x03fb0000, 0x040be898, 0x041e0000)
  to   space 2240K,   0% used [0x03d80000, 0x03d80000, 0x03fb0000)
 tenured generation   total 44760K, used 42003K [0x08150000, 0x0ad06000, 0x12c00000)
   the space 44760K,  93% used [0x08150000, 0x0aa54f80, 0x0aa55000, 0x0ad06000)
 Metaspace       used 5729K, capacity 5890K, committed 6016K, reserved 6528K
}
Event: 831.667 GC heap before
{Heap before GC invocations=810 (full 13):
 def new generation   total 20160K, used 19002K [0x02c00000, 0x041e0000, 0x08150000)
  eden space 17920K, 100% used [0x02c00000, 0x03d80000, 0x03d80000)
  from space 2240K,  48% used [0x03fb0000, 0x040be898, 0x041e0000)
  to   space 2240K,   0% used [0x03d80000, 0x03d80000, 0x03fb0000)
 tenured generation   total 44760K, used 42003K [0x08150000, 0x0ad06000, 0x12c00000)
   the space 44760K,  93% used [0x08150000, 0x0aa54f80, 0x0aa55000, 0x0ad06000)
 Metaspace       used 5729K, capacity 5890K, committed 6016K, reserved 6528K
Event: 831.674 GC heap after
Heap after GC invocations=811 (full 13):
 def new generation   total 20160K, used 1155K [0x02c00000, 0x041e0000, 0x08150000)
  eden space 17920K,   0% used [0x02c00000, 0x02c00000, 0x03d80000)
  from space 2240K,  51% used [0x03d80000, 0x03ea0f70, 0x03fb0000)
  to   space 2240K,   0% used [0x03fb0000, 0x03fb0000, 0x041e0000)
 tenured generation   total 44760K, used 42003K [0x08150000, 0x0ad06000, 0x12c00000)
   the space 44760K,  93% used [0x08150000, 0x0aa54f80, 0x0aa55000, 0x0ad06000)
 Metaspace       used 5729K, capacity 5890K, committed 6016K, reserved 6528K
}
Event: 834.214 GC heap before
{Heap before GC invocations=811 (full 13):
 def new generation   total 20160K, used 19075K [0x02c00000, 0x041e0000, 0x08150000)
  eden space 17920K, 100% used [0x02c00000, 0x03d80000, 0x03d80000)
  from space 2240K,  51% used [0x03d80000, 0x03ea0f70, 0x03fb0000)
  to   space 2240K,   0% used [0x03fb0000, 0x03fb0000, 0x041e0000)
 tenured generation   total 44760K, used 42003K [0x08150000, 0x0ad06000, 0x12c00000)
   the space 44760K,  93% used [0x08150000, 0x0aa54f80, 0x0aa55000, 0x0ad06000)
 Metaspace       used 5729K, capacity 5890K, committed 6016K, reserved 6528K
Event: 834.222 GC heap after
Heap after GC invocations=812 (full 13):
 def new generation   total 20160K, used 1147K [0x02c00000, 0x041e0000, 0x08150000)
  eden space 17920K,   0% used [0x02c00000, 0x02c00000, 0x03d80000)
  from space 2240K,  51% used [0x03fb0000, 0x040cedb8, 0x041e0000)
  to   space 2240K,   0% used [0x03d80000, 0x03d80000, 0x03fb0000)
 tenured generation   total 44760K, used 42085K [0x08150000, 0x0ad06000, 0x12c00000)
   the space 44760K,  94% used [0x08150000, 0x0aa69608, 0x0aa69800, 0x0ad06000)
 Metaspace       used 5729K, capacity 5890K, committed 6016K, reserved 6528K
}
Event: 835.558 GC heap before
{Heap before GC invocations=812 (full 13):
 def new generation   total 20160K, used 19067K [0x02c00000, 0x041e0000, 0x08150000)
  eden space 17920K, 100% used [0x02c00000, 0x03d80000, 0x03d80000)
  from space 2240K,  51% used [0x03fb0000, 0x040cedb8, 0x041e0000)
  to   space 2240K,   0% used [0x03d80000, 0x03d80000, 0x03fb0000)
 tenured generation   total 44760K, used 42085K [0x08150000, 0x0ad06000, 0x12c00000)
   the space 44760K,  94% used [0x08150000, 0x0aa69608, 0x0aa69800, 0x0ad06000)
 Metaspace       used 5729K, capacity 5890K, committed 6016K, reserved 6528K
Event: 835.566 GC heap after
Heap after GC invocations=813 (full 13):
 def new generation   total 20160K, used 1141K [0x02c00000, 0x041e0000, 0x08150000)
  eden space 17920K,   0% used [0x02c00000, 0x02c00000, 0x03d80000)
  from space 2240K,  50% used [0x03d80000, 0x03e9d460, 0x03fb0000)
  to   space 2240K,   0% used [0x03fb0000, 0x03fb0000, 0x041e0000)
 tenured generation   total 44760K, used 42167K [0x08150000, 0x0ad06000, 0x12c00000)
   the space 44760K,  94% used [0x08150000, 0x0aa7dc90, 0x0aa7de00, 0x0ad06000)
 Metaspace       used 5729K, capacity 5890K, committed 6016K, reserved 6528K
}
Event: 837.817 GC heap before
{Heap before GC invocations=813 (full 13):
 def new generation   total 20160K, used 19061K [0x02c00000, 0x041e0000, 0x08150000)
  eden space 17920K, 100% used [0x02c00000, 0x03d80000, 0x03d80000)
  from space 2240K,  50% used [0x03d80000, 0x03e9d460, 0x03fb0000)
  to   space 2240K,   0% used [0x03fb0000, 0x03fb0000, 0x041e0000)
 tenured generation   total 44760K, used 42167K [0x08150000, 0x0ad06000, 0x12c00000)
   the space 44760K,  94% used [0x08150000, 0x0aa7dc90, 0x0aa7de00, 0x0ad06000)
 Metaspace       used 5729K, capacity 5890K, committed 6016K, reserved 6528K
Event: 837.825 GC heap after
Heap after GC invocations=814 (full 13):
 def new generation   total 20160K, used 1216K [0x02c00000, 0x041e0000, 0x08150000)
  eden space 17920K,   0% used [0x02c00000, 0x02c00000, 0x03d80000)
  from space 2240K,  54% used [0x03fb0000, 0x040e00c8, 0x041e0000)
  to   space 2240K,   0% used [0x03d80000, 0x03d80000, 0x03fb0000)
 tenured generation   total 44760K, used 42248K [0x08150000, 0x0ad06000, 0x12c00000)
   the space 44760K,  94% used [0x08150000, 0x0aa92320, 0x0aa92400, 0x0ad06000)
 Metaspace       used 5729K, capacity 5890K, committed 6016K, reserved 6528K
}

