# JRE version: Java(TM) SE Runtime Environment (8.0_101-b13) (build 1.8.0_101-b13)
# Java VM: Java HotSpot(TM) Client VM (25.101-b13 mixed mode windows-x86 )
Heap:
 def new generation   total 21632K, used 20166K [0x02c00000, 0x04370000, 0x08150000)
  eden space 19264K,  98% used [0x02c00000, 0x03e83a58, 0x03ed0000)
  from space 2368K,  51% used [0x04120000, 0x0424e0d0, 0x04370000)
  to   space 2368K,   0% used [0x03ed0000, 0x03ed0000, 0x04120000)
 tenured generation   total 47988K, used 47876K [0x08150000, 0x0b02d000, 0x12c00000)
   the space 47988K,  99% used [0x08150000, 0x0b0111f8, 0x0b011200, 0x0b02d000)
 Metaspace       used 5667K, capacity 5823K, committed 5888K, reserved 6528K
GC Heap History (10 events):
Event: 127.914 GC heap before
{Heap before GC invocations=719 (full 5):
 def new generation   total 21632K, used 20471K [0x02c00000, 0x04370000, 0x08150000)
  eden space 19264K, 100% used [0x02c00000, 0x03ed0000, 0x03ed0000)
  from space 2368K,  50% used [0x03ed0000, 0x03ffde28, 0x04120000)
  to   space 2368K,   0% used [0x04120000, 0x04120000, 0x04370000)
 tenured generation   total 47988K, used 47040K [0x08150000, 0x0b02d000, 0x12c00000)
   the space 47988K,  98% used [0x08150000, 0x0af40028, 0x0af40200, 0x0b02d000)
 Metaspace       used 5667K, capacity 5823K, committed 5888K, reserved 6528K
Event: 127.924 GC heap after
Heap after GC invocations=720 (full 5):
 def new generation   total 21632K, used 1192K [0x02c00000, 0x04370000, 0x08150000)
  eden space 19264K,   0% used [0x02c00000, 0x02c00000, 0x03ed0000)
  from space 2368K,  50% used [0x04120000, 0x0424a350, 0x04370000)
  to   space 2368K,   0% used [0x03ed0000, 0x03ed0000, 0x04120000)
 tenured generation   total 47988K, used 47206K [0x08150000, 0x0b02d000, 0x12c00000)
   the space 47988K,  98% used [0x08150000, 0x0af69bf0, 0x0af69c00, 0x0b02d000)
 Metaspace       used 5667K, capacity 5823K, committed 5888K, reserved 6528K
}
Event: 128.327 GC heap before
{Heap before GC invocations=720 (full 5):
 def new generation   total 21632K, used 20456K [0x02c00000, 0x04370000, 0x08150000)
  eden space 19264K, 100% used [0x02c00000, 0x03ed0000, 0x03ed0000)
  from space 2368K,  50% used [0x04120000, 0x0424a350, 0x04370000)
  to   space 2368K,   0% used [0x03ed0000, 0x03ed0000, 0x04120000)
 tenured generation   total 47988K, used 47206K [0x08150000, 0x0b02d000, 0x12c00000)
   the space 47988K,  98% used [0x08150000, 0x0af69bf0, 0x0af69c00, 0x0b02d000)
 Metaspace       used 5667K, capacity 5823K, committed 5888K, reserved 6528K
Event: 128.335 GC heap after
Heap after GC invocations=721 (full 5):
 def new generation   total 21632K, used 1193K [0x02c00000, 0x04370000, 0x08150000)
  eden space 19264K,   0% used [0x02c00000, 0x02c00000, 0x03ed0000)
  from space 2368K,  50% used [0x03ed0000, 0x03ffa488, 0x04120000)
  to   space 2368K,   0% used [0x04120000, 0x04120000, 0x04370000)
 tenured generation   total 47988K, used 47374K [0x08150000, 0x0b02d000, 0x12c00000)
   the space 47988K,  98% used [0x08150000, 0x0af93928, 0x0af93a00, 0x0b02d000)
 Metaspace       used 5667K, capacity 5823K, committed 5888K, reserved 6528K
}
Event: 128.590 GC heap before
{Heap before GC invocations=721 (full 5):
 def new generation   total 21632K, used 20457K [0x02c00000, 0x04370000, 0x08150000)
  eden space 19264K, 100% used [0x02c00000, 0x03ed0000, 0x03ed0000)
  from space 2368K,  50% used [0x03ed0000, 0x03ffa488, 0x04120000)
  to   space 2368K,   0% used [0x04120000, 0x04120000, 0x04370000)
 tenured generation   total 47988K, used 47374K [0x08150000, 0x0b02d000, 0x12c00000)
   the space 47988K,  98% used [0x08150000, 0x0af93928, 0x0af93a00, 0x0b02d000)
 Metaspace       used 5667K, capacity 5823K, committed 5888K, reserved 6528K
Event: 128.599 GC heap after
Heap after GC invocations=722 (full 5):
 def new generation   total 21632K, used 1208K [0x02c00000, 0x04370000, 0x08150000)
  eden space 19264K,   0% used [0x02c00000, 0x02c00000, 0x03ed0000)
  from space 2368K,  51% used [0x04120000, 0x0424e3e8, 0x04370000)
  to   space 2368K,   0% used [0x03ed0000, 0x03ed0000, 0x04120000)
 tenured generation   total 47988K, used 47541K [0x08150000, 0x0b02d000, 0x12c00000)
   the space 47988K,  99% used [0x08150000, 0x0afbd698, 0x0afbd800, 0x0b02d000)
 Metaspace       used 5667K, capacity 5823K, committed 5888K, reserved 6528K
}
Event: 128.998 GC heap before
{Heap before GC invocations=722 (full 5):
 def new generation   total 21632K, used 20472K [0x02c00000, 0x04370000, 0x08150000)
  eden space 19264K, 100% used [0x02c00000, 0x03ed0000, 0x03ed0000)
  from space 2368K,  51% used [0x04120000, 0x0424e3e8, 0x04370000)
  to   space 2368K,   0% used [0x03ed0000, 0x03ed0000, 0x04120000)
 tenured generation   total 47988K, used 47541K [0x08150000, 0x0b02d000, 0x12c00000)
   the space 47988K,  99% used [0x08150000, 0x0afbd698, 0x0afbd800, 0x0b02d000)
 Metaspace       used 5667K, capacity 5823K, committed 5888K, reserved 6528K
Event: 129.006 GC heap after
Heap after GC invocations=723 (full 5):
 def new generation   total 21632K, used 1200K [0x02c00000, 0x04370000, 0x08150000)
  eden space 19264K,   0% used [0x02c00000, 0x02c00000, 0x03ed0000)
  from space 2368K,  50% used [0x03ed0000, 0x03ffc048, 0x04120000)
  to   space 2368K,   0% used [0x04120000, 0x04120000, 0x04370000)
 tenured generation   total 47988K, used 47708K [0x08150000, 0x0b02d000, 0x12c00000)
   the space 47988K,  99% used [0x08150000, 0x0afe7380, 0x0afe7400, 0x0b02d000)
 Metaspace       used 5667K, capacity 5823K, committed 5888K, reserved 6528K
}
Event: 129.286 GC heap before
{Heap before GC invocations=723 (full 5):
 def new generation   total 21632K, used 20464K [0x02c00000, 0x04370000, 0x08150000)
  eden space 19264K, 100% used [0x02c00000, 0x03ed0000, 0x03ed0000)
  from space 2368K,  50% used [0x03ed0000, 0x03ffc048, 0x04120000)
  to   space 2368K,   0% used [0x04120000, 0x04120000, 0x04370000)
 tenured generation   total 47988K, used 47708K [0x08150000, 0x0b02d000, 0x12c00000)
   the space 47988K,  99% used [0x08150000, 0x0afe7380, 0x0afe7400, 0x0b02d000)
 Metaspace       used 5667K, capacity 5823K, committed 5888K, reserved 6528K
Event: 129.295 GC heap after
Heap after GC invocations=724 (full 5):
 def new generation   total 21632K, used 1208K [0x02c00000, 0x04370000, 0x08150000)
  eden space 19264K,   0% used [0x02c00000, 0x02c00000, 0x03ed0000)
  from space 2368K,  51% used [0x04120000, 0x0424e0d0, 0x04370000)
  to   space 2368K,   0% used [0x03ed0000, 0x03ed0000, 0x04120000)
 tenured generation   total 47988K, used 47876K [0x08150000, 0x0b02d000, 0x12c00000)
   the space 47988K,  99% used [0x08150000, 0x0b0111f8, 0x0b011200, 0x0b02d000)
 Metaspace       used 5667K, capacity 5823K, committed 5888K, reserved 6528K
}

