# JRE version: Java(TM) SE Runtime Environment (8.0_101-b13) (build 1.8.0_101-b13)
# Java VM: Java HotSpot(TM) Client VM (25.101-b13 mixed mode windows-x86 )
Heap:
 def new generation   total 28288K, used 25763K [0x02c00000, 0x04ab0000, 0x08150000)
  eden space 25152K,  96% used [0x02c00000, 0x043991f0, 0x04490000)
  from space 3136K,  50% used [0x04490000, 0x0461fbb0, 0x047a0000)
  to   space 3136K,   0% used [0x047a0000, 0x047a0000, 0x04ab0000)
 tenured generation   total 62724K, used 43163K [0x08150000, 0x0be91000, 0x12c00000)
   the space 62724K,  68% used [0x08150000, 0x0ab76c28, 0x0ab76e00, 0x0be91000)
 Metaspace       used 5677K, capacity 5823K, committed 5888K, reserved 6528K
GC Heap History (10 events):
Event: 143.564 GC heap before
{Heap before GC invocations=662 (full 7):
 def new generation   total 28288K, used 26758K [0x02c00000, 0x04ab0000, 0x08150000)
  eden space 25152K, 100% used [0x02c00000, 0x04490000, 0x04490000)
  from space 3136K,  51% used [0x047a0000, 0x04931830, 0x04ab0000)
  to   space 3136K,   0% used [0x04490000, 0x04490000, 0x047a0000)
 tenured generation   total 62724K, used 42057K [0x08150000, 0x0be91000, 0x12c00000)
   the space 62724K,  67% used [0x08150000, 0x0aa626d8, 0x0aa62800, 0x0be91000)
 Metaspace       used 5677K, capacity 5823K, committed 5888K, reserved 6528K
Event: 143.574 GC heap after
Heap after GC invocations=663 (full 7):
 def new generation   total 28288K, used 1606K [0x02c00000, 0x04ab0000, 0x08150000)
  eden space 25152K,   0% used [0x02c00000, 0x02c00000, 0x04490000)
  from space 3136K,  51% used [0x04490000, 0x04621a00, 0x047a0000)
  to   space 3136K,   0% used [0x047a0000, 0x047a0000, 0x04ab0000)
 tenured generation   total 62724K, used 42278K [0x08150000, 0x0be91000, 0x12c00000)
   the space 62724K,  67% used [0x08150000, 0x0aa99ac0, 0x0aa99c00, 0x0be91000)
 Metaspace       used 5677K, capacity 5823K, committed 5888K, reserved 6528K
}
Event: 144.797 GC heap before
{Heap before GC invocations=663 (full 7):
 def new generation   total 28288K, used 26758K [0x02c00000, 0x04ab0000, 0x08150000)
  eden space 25152K, 100% used [0x02c00000, 0x04490000, 0x04490000)
  from space 3136K,  51% used [0x04490000, 0x04621a00, 0x047a0000)
  to   space 3136K,   0% used [0x047a0000, 0x047a0000, 0x04ab0000)
 tenured generation   total 62724K, used 42278K [0x08150000, 0x0be91000, 0x12c00000)
   the space 62724K,  67% used [0x08150000, 0x0aa99ac0, 0x0aa99c00, 0x0be91000)
 Metaspace       used 5677K, capacity 5823K, committed 5888K, reserved 6528K
Event: 144.808 GC heap after
Heap after GC invocations=664 (full 7):
 def new generation   total 28288K, used 1598K [0x02c00000, 0x04ab0000, 0x08150000)
  eden space 25152K,   0% used [0x02c00000, 0x02c00000, 0x04490000)
  from space 3136K,  50% used [0x047a0000, 0x0492fb80, 0x04ab0000)
  to   space 3136K,   0% used [0x04490000, 0x04490000, 0x047a0000)
 tenured generation   total 62724K, used 42499K [0x08150000, 0x0be91000, 0x12c00000)
   the space 62724K,  67% used [0x08150000, 0x0aad0ed0, 0x0aad1000, 0x0be91000)
 Metaspace       used 5677K, capacity 5823K, committed 5888K, reserved 6528K
}
Event: 145.648 GC heap before
{Heap before GC invocations=664 (full 7):
 def new generation   total 28288K, used 26750K [0x02c00000, 0x04ab0000, 0x08150000)
  eden space 25152K, 100% used [0x02c00000, 0x04490000, 0x04490000)
  from space 3136K,  50% used [0x047a0000, 0x0492fb80, 0x04ab0000)
  to   space 3136K,   0% used [0x04490000, 0x04490000, 0x047a0000)
 tenured generation   total 62724K, used 42499K [0x08150000, 0x0be91000, 0x12c00000)
   the space 62724K,  67% used [0x08150000, 0x0aad0ed0, 0x0aad1000, 0x0be91000)
 Metaspace       used 5677K, capacity 5823K, committed 5888K, reserved 6528K
Event: 145.659 GC heap after
Heap after GC invocations=665 (full 7):
 def new generation   total 28288K, used 1591K [0x02c00000, 0x04ab0000, 0x08150000)
  eden space 25152K,   0% used [0x02c00000, 0x02c00000, 0x04490000)
  from space 3136K,  50% used [0x04490000, 0x0461df00, 0x047a0000)
  to   space 3136K,   0% used [0x047a0000, 0x047a0000, 0x04ab0000)
 tenured generation   total 62724K, used 42721K [0x08150000, 0x0be91000, 0x12c00000)
   the space 62724K,  68% used [0x08150000, 0x0ab084a8, 0x0ab08600, 0x0be91000)
 Metaspace       used 5677K, capacity 5823K, committed 5888K, reserved 6528K
}
Event: 146.622 GC heap before
{Heap before GC invocations=665 (full 7):
 def new generation   total 28288K, used 26743K [0x02c00000, 0x04ab0000, 0x08150000)
  eden space 25152K, 100% used [0x02c00000, 0x04490000, 0x04490000)
  from space 3136K,  50% used [0x04490000, 0x0461df00, 0x047a0000)
  to   space 3136K,   0% used [0x047a0000, 0x047a0000, 0x04ab0000)
 tenured generation   total 62724K, used 42721K [0x08150000, 0x0be91000, 0x12c00000)
   the space 62724K,  68% used [0x08150000, 0x0ab084a8, 0x0ab08600, 0x0be91000)
 Metaspace       used 5677K, capacity 5823K, committed 5888K, reserved 6528K
Event: 146.633 GC heap after
Heap after GC invocations=666 (full 7):
 def new generation   total 28288K, used 1606K [0x02c00000, 0x04ab0000, 0x08150000)
  eden space 25152K,   0% used [0x02c00000, 0x02c00000, 0x04490000)
  from space 3136K,  51% used [0x047a0000, 0x049318e0, 0x04ab0000)
  to   space 3136K,   0% used [0x04490000, 0x04490000, 0x047a0000)
 tenured generation   total 62724K, used 42942K [0x08150000, 0x0be91000, 0x12c00000)
   the space 62724K,  68% used [0x08150000, 0x0ab3f8a8, 0x0ab3fa00, 0x0be91000)
 Metaspace       used 5677K, capacity 5823K, committed 5888K, reserved 6528K
}
Event: 150.161 GC heap before
{Heap before GC invocations=666 (full 7):
 def new generation   total 28288K, used 26758K [0x02c00000, 0x04ab0000, 0x08150000)
  eden space 25152K, 100% used [0x02c00000, 0x04490000, 0x04490000)
  from space 3136K,  51% used [0x047a0000, 0x049318e0, 0x04ab0000)
  to   space 3136K,   0% used [0x04490000, 0x04490000, 0x047a0000)
 tenured generation   total 62724K, used 42942K [0x08150000, 0x0be91000, 0x12c00000)
   the space 62724K,  68% used [0x08150000, 0x0ab3f8a8, 0x0ab3fa00, 0x0be91000)
 Metaspace       used 5677K, capacity 5823K, committed 5888K, reserved 6528K
Event: 150.387 GC heap after
Heap after GC invocations=667 (full 7):
 def new generation   total 28288K, used 1598K [0x02c00000, 0x04ab0000, 0x08150000)
  eden space 25152K,   0% used [0x02c00000, 0x02c00000, 0x04490000)
  from space 3136K,  50% used [0x04490000, 0x0461fbb0, 0x047a0000)
  to   space 3136K,   0% used [0x047a0000, 0x047a0000, 0x04ab0000)
 tenured generation   total 62724K, used 43163K [0x08150000, 0x0be91000, 0x12c00000)
   the space 62724K,  68% used [0x08150000, 0x0ab76c28, 0x0ab76e00, 0x0be91000)
 Metaspace       used 5677K, capacity 5823K, committed 5888K, reserved 6528K
}

