# JRE version: Java(TM) SE Runtime Environment (8.0_101-b13) (build 1.8.0_101-b13)
# Java VM: Java HotSpot(TM) Client VM (25.101-b13 mixed mode windows-x86 )
Heap:
 def new generation   total 21568K, used 10587K [0x02c00000, 0x04360000, 0x08150000)
  eden space 19200K,  48% used [0x02c00000, 0x03522140, 0x03ec0000)
  from space 2368K,  52% used [0x03ec0000, 0x03ff4ad0, 0x04110000)
  to   space 2368K,   0% used [0x04110000, 0x04110000, 0x04360000)
 tenured generation   total 47860K, used 40328K [0x08150000, 0x0b00d000, 0x12c00000)
   the space 47860K,  84% used [0x08150000, 0x0a8b23b0, 0x0a8b2400, 0x0b00d000)
 Metaspace       used 3471K, capacity 3521K, committed 3648K, reserved 4480K
GC Heap History (10 events):
Event: 1545.041 GC heap before
{Heap before GC invocations=1261 (full 5):
 def new generation   total 21568K, used 20419K [0x02c00000, 0x04360000, 0x08150000)
  eden space 19200K, 100% used [0x02c00000, 0x03ec0000, 0x03ec0000)
  from space 2368K,  51% used [0x04110000, 0x04240e28, 0x04360000)
  to   space 2368K,   0% used [0x03ec0000, 0x03ec0000, 0x04110000)
 tenured generation   total 47860K, used 39481K [0x08150000, 0x0b00d000, 0x12c00000)
   the space 47860K,  82% used [0x08150000, 0x0a7de720, 0x0a7de800, 0x0b00d000)
 Metaspace       used 3471K, capacity 3521K, committed 3648K, reserved 4480K
Event: 1545.368 GC heap after
Heap after GC invocations=1262 (full 5):
 def new generation   total 21568K, used 1226K [0x02c00000, 0x04360000, 0x08150000)
  eden space 19200K,   0% used [0x02c00000, 0x02c00000, 0x03ec0000)
  from space 2368K,  51% used [0x03ec0000, 0x03ff28d0, 0x04110000)
  to   space 2368K,   0% used [0x04110000, 0x04110000, 0x04360000)
 tenured generation   total 47860K, used 39651K [0x08150000, 0x0b00d000, 0x12c00000)
   the space 47860K,  82% used [0x08150000, 0x0a808ca8, 0x0a808e00, 0x0b00d000)
 Metaspace       used 3471K, capacity 3521K, committed 3648K, reserved 4480K
}
Event: 1546.306 GC heap before
{Heap before GC invocations=1262 (full 5):
 def new generation   total 21568K, used 20426K [0x02c00000, 0x04360000, 0x08150000)
  eden space 19200K, 100% used [0x02c00000, 0x03ec0000, 0x03ec0000)
  from space 2368K,  51% used [0x03ec0000, 0x03ff28d0, 0x04110000)
  to   space 2368K,   0% used [0x04110000, 0x04110000, 0x04360000)
 tenured generation   total 47860K, used 39651K [0x08150000, 0x0b00d000, 0x12c00000)
   the space 47860K,  82% used [0x08150000, 0x0a808ca8, 0x0a808e00, 0x0b00d000)
 Metaspace       used 3471K, capacity 3521K, committed 3648K, reserved 4480K
Event: 1546.316 GC heap after
Heap after GC invocations=1263 (full 5):
 def new generation   total 21568K, used 1219K [0x02c00000, 0x04360000, 0x08150000)
  eden space 19200K,   0% used [0x02c00000, 0x02c00000, 0x03ec0000)
  from space 2368K,  51% used [0x04110000, 0x04240fd0, 0x04360000)
  to   space 2368K,   0% used [0x03ec0000, 0x03ec0000, 0x04110000)
 tenured generation   total 47860K, used 39820K [0x08150000, 0x0b00d000, 0x12c00000)
   the space 47860K,  83% used [0x08150000, 0x0a833170, 0x0a833200, 0x0b00d000)
 Metaspace       used 3471K, capacity 3521K, committed 3648K, reserved 4480K
}
Event: 1547.133 GC heap before
{Heap before GC invocations=1263 (full 5):
 def new generation   total 21568K, used 20419K [0x02c00000, 0x04360000, 0x08150000)
  eden space 19200K, 100% used [0x02c00000, 0x03ec0000, 0x03ec0000)
  from space 2368K,  51% used [0x04110000, 0x04240fd0, 0x04360000)
  to   space 2368K,   0% used [0x03ec0000, 0x03ec0000, 0x04110000)
 tenured generation   total 47860K, used 39820K [0x08150000, 0x0b00d000, 0x12c00000)
   the space 47860K,  83% used [0x08150000, 0x0a833170, 0x0a833200, 0x0b00d000)
 Metaspace       used 3471K, capacity 3521K, committed 3648K, reserved 4480K
Event: 1547.141 GC heap after
Heap after GC invocations=1264 (full 5):
 def new generation   total 21568K, used 1233K [0x02c00000, 0x04360000, 0x08150000)
  eden space 19200K,   0% used [0x02c00000, 0x02c00000, 0x03ec0000)
  from space 2368K,  52% used [0x03ec0000, 0x03ff4700, 0x04110000)
  to   space 2368K,   0% used [0x04110000, 0x04110000, 0x04360000)
 tenured generation   total 47860K, used 39989K [0x08150000, 0x0b00d000, 0x12c00000)
   the space 47860K,  83% used [0x08150000, 0x0a85d738, 0x0a85d800, 0x0b00d000)
 Metaspace       used 3471K, capacity 3521K, committed 3648K, reserved 4480K
}
Event: 1547.885 GC heap before
{Heap before GC invocations=1264 (full 5):
 def new generation   total 21568K, used 20433K [0x02c00000, 0x04360000, 0x08150000)
  eden space 19200K, 100% used [0x02c00000, 0x03ec0000, 0x03ec0000)
  from space 2368K,  52% used [0x03ec0000, 0x03ff4700, 0x04110000)
  to   space 2368K,   0% used [0x04110000, 0x04110000, 0x04360000)
 tenured generation   total 47860K, used 39989K [0x08150000, 0x0b00d000, 0x12c00000)
   the space 47860K,  83% used [0x08150000, 0x0a85d738, 0x0a85d800, 0x0b00d000)
 Metaspace       used 3471K, capacity 3521K, committed 3648K, reserved 4480K
Event: 1547.893 GC heap after
Heap after GC invocations=1265 (full 5):
 def new generation   total 21568K, used 1226K [0x02c00000, 0x04360000, 0x08150000)
  eden space 19200K,   0% used [0x02c00000, 0x02c00000, 0x03ec0000)
  from space 2368K,  51% used [0x04110000, 0x04242bf0, 0x04360000)
  to   space 2368K,   0% used [0x03ec0000, 0x03ec0000, 0x04110000)
 tenured generation   total 47860K, used 40159K [0x08150000, 0x0b00d000, 0x12c00000)
   the space 47860K,  83% used [0x08150000, 0x0a887db0, 0x0a887e00, 0x0b00d000)
 Metaspace       used 3471K, capacity 3521K, committed 3648K, reserved 4480K
}
Event: 1548.130 GC heap before
{Heap before GC invocations=1265 (full 5):
 def new generation   total 21568K, used 20426K [0x02c00000, 0x04360000, 0x08150000)
  eden space 19200K, 100% used [0x02c00000, 0x03ec0000, 0x03ec0000)
  from space 2368K,  51% used [0x04110000, 0x04242bf0, 0x04360000)
  to   space 2368K,   0% used [0x03ec0000, 0x03ec0000, 0x04110000)
 tenured generation   total 47860K, used 40159K [0x08150000, 0x0b00d000, 0x12c00000)
   the space 47860K,  83% used [0x08150000, 0x0a887db0, 0x0a887e00, 0x0b00d000)
 Metaspace       used 3471K, capacity 3521K, committed 3648K, reserved 4480K
Event: 1548.138 GC heap after
Heap after GC invocations=1266 (full 5):
 def new generation   total 21568K, used 1234K [0x02c00000, 0x04360000, 0x08150000)
  eden space 19200K,   0% used [0x02c00000, 0x02c00000, 0x03ec0000)
  from space 2368K,  52% used [0x03ec0000, 0x03ff4ad0, 0x04110000)
  to   space 2368K,   0% used [0x04110000, 0x04110000, 0x04360000)
 tenured generation   total 47860K, used 40328K [0x08150000, 0x0b00d000, 0x12c00000)
   the space 47860K,  84% used [0x08150000, 0x0a8b23b0, 0x0a8b2400, 0x0b00d000)
 Metaspace       used 3471K, capacity 3521K, committed 3648K, reserved 4480K
}

