# JRE version: Java(TM) SE Runtime Environment (8.0_101-b13) (build 1.8.0_101-b13)
# Java VM: Java HotSpot(TM) Client VM (25.101-b13 mixed mode windows-x86 )
Heap:
 def new generation   total 25856K, used 3330K [0x02c00000, 0x04800000, 0x08150000)
  eden space 23040K,   8% used [0x02c00000, 0x02dd1520, 0x04280000)
  from space 2816K,  52% used [0x04280000, 0x043ef568, 0x04540000)
  to   space 2816K,   0% used [0x04540000, 0x04540000, 0x04800000)
 tenured generation   total 57276K, used 41889K [0x08150000, 0x0b93f000, 0x12c00000)
   the space 57276K,  73% used [0x08150000, 0x0aa385f0, 0x0aa38600, 0x0b93f000)
 Metaspace       used 5677K, capacity 5823K, committed 5888K, reserved 6528K
GC Heap History (10 events):
Event: 1272.700 GC heap before
{Heap before GC invocations=1187 (full 6):
 def new generation   total 25856K, used 24528K [0x02c00000, 0x04800000, 0x08150000)
  eden space 23040K, 100% used [0x02c00000, 0x04280000, 0x04280000)
  from space 2816K,  52% used [0x04540000, 0x046b43a0, 0x04800000)
  to   space 2816K,   0% used [0x04280000, 0x04280000, 0x04540000)
 tenured generation   total 57276K, used 40874K [0x08150000, 0x0b93f000, 0x12c00000)
   the space 57276K,  71% used [0x08150000, 0x0a93a9f0, 0x0a93aa00, 0x0b93f000)
 Metaspace       used 5677K, capacity 5823K, committed 5888K, reserved 6528K
Event: 1272.709 GC heap after
Heap after GC invocations=1188 (full 6):
 def new generation   total 25856K, used 1461K [0x02c00000, 0x04800000, 0x08150000)
  eden space 23040K,   0% used [0x02c00000, 0x02c00000, 0x04280000)
  from space 2816K,  51% used [0x04280000, 0x043ed6e8, 0x04540000)
  to   space 2816K,   0% used [0x04540000, 0x04540000, 0x04800000)
 tenured generation   total 57276K, used 41077K [0x08150000, 0x0b93f000, 0x12c00000)
   the space 57276K,  71% used [0x08150000, 0x0a96d678, 0x0a96d800, 0x0b93f000)
 Metaspace       used 5677K, capacity 5823K, committed 5888K, reserved 6528K
}
Event: 1272.966 GC heap before
{Heap before GC invocations=1188 (full 6):
 def new generation   total 25856K, used 24501K [0x02c00000, 0x04800000, 0x08150000)
  eden space 23040K, 100% used [0x02c00000, 0x04280000, 0x04280000)
  from space 2816K,  51% used [0x04280000, 0x043ed6e8, 0x04540000)
  to   space 2816K,   0% used [0x04540000, 0x04540000, 0x04800000)
 tenured generation   total 57276K, used 41077K [0x08150000, 0x0b93f000, 0x12c00000)
   the space 57276K,  71% used [0x08150000, 0x0a96d678, 0x0a96d800, 0x0b93f000)
 Metaspace       used 5677K, capacity 5823K, committed 5888K, reserved 6528K
Event: 1272.977 GC heap after
Heap after GC invocations=1189 (full 6):
 def new generation   total 25856K, used 1468K [0x02c00000, 0x04800000, 0x08150000)
  eden space 23040K,   0% used [0x02c00000, 0x02c00000, 0x04280000)
  from space 2816K,  52% used [0x04540000, 0x046af328, 0x04800000)
  to   space 2816K,   0% used [0x04280000, 0x04280000, 0x04540000)
 tenured generation   total 57276K, used 41280K [0x08150000, 0x0b93f000, 0x12c00000)
   the space 57276K,  72% used [0x08150000, 0x0a9a0148, 0x0a9a0200, 0x0b93f000)
 Metaspace       used 5677K, capacity 5823K, committed 5888K, reserved 6528K
}
Event: 1273.304 GC heap before
{Heap before GC invocations=1189 (full 6):
 def new generation   total 25856K, used 24508K [0x02c00000, 0x04800000, 0x08150000)
  eden space 23040K, 100% used [0x02c00000, 0x04280000, 0x04280000)
  from space 2816K,  52% used [0x04540000, 0x046af328, 0x04800000)
  to   space 2816K,   0% used [0x04280000, 0x04280000, 0x04540000)
 tenured generation   total 57276K, used 41280K [0x08150000, 0x0b93f000, 0x12c00000)
   the space 57276K,  72% used [0x08150000, 0x0a9a0148, 0x0a9a0200, 0x0b93f000)
 Metaspace       used 5677K, capacity 5823K, committed 5888K, reserved 6528K
Event: 1273.314 GC heap after
Heap after GC invocations=1190 (full 6):
 def new generation   total 25856K, used 1477K [0x02c00000, 0x04800000, 0x08150000)
  eden space 23040K,   0% used [0x02c00000, 0x02c00000, 0x04280000)
  from space 2816K,  52% used [0x04280000, 0x043f1608, 0x04540000)
  to   space 2816K,   0% used [0x04540000, 0x04540000, 0x04800000)
 tenured generation   total 57276K, used 41483K [0x08150000, 0x0b93f000, 0x12c00000)
   the space 57276K,  72% used [0x08150000, 0x0a9d2ce0, 0x0a9d2e00, 0x0b93f000)
 Metaspace       used 5677K, capacity 5823K, committed 5888K, reserved 6528K
}
Event: 1273.586 GC heap before
{Heap before GC invocations=1190 (full 6):
 def new generation   total 25856K, used 24517K [0x02c00000, 0x04800000, 0x08150000)
  eden space 23040K, 100% used [0x02c00000, 0x04280000, 0x04280000)
  from space 2816K,  52% used [0x04280000, 0x043f1608, 0x04540000)
  to   space 2816K,   0% used [0x04540000, 0x04540000, 0x04800000)
 tenured generation   total 57276K, used 41483K [0x08150000, 0x0b93f000, 0x12c00000)
   the space 57276K,  72% used [0x08150000, 0x0a9d2ce0, 0x0a9d2e00, 0x0b93f000)
 Metaspace       used 5677K, capacity 5823K, committed 5888K, reserved 6528K
Event: 1273.596 GC heap after
Heap after GC invocations=1191 (full 6):
 def new generation   total 25856K, used 1462K [0x02c00000, 0x04800000, 0x08150000)
  eden space 23040K,   0% used [0x02c00000, 0x02c00000, 0x04280000)
  from space 2816K,  51% used [0x04540000, 0x046ad888, 0x04800000)
  to   space 2816K,   0% used [0x04280000, 0x04280000, 0x04540000)
 tenured generation   total 57276K, used 41686K [0x08150000, 0x0b93f000, 0x12c00000)
   the space 57276K,  72% used [0x08150000, 0x0aa059d0, 0x0aa05a00, 0x0b93f000)
 Metaspace       used 5677K, capacity 5823K, committed 5888K, reserved 6528K
}
Event: 1274.513 GC heap before
{Heap before GC invocations=1191 (full 6):
 def new generation   total 25856K, used 24502K [0x02c00000, 0x04800000, 0x08150000)
  eden space 23040K, 100% used [0x02c00000, 0x04280000, 0x04280000)
  from space 2816K,  51% used [0x04540000, 0x046ad888, 0x04800000)
  to   space 2816K,   0% used [0x04280000, 0x04280000, 0x04540000)
 tenured generation   total 57276K, used 41686K [0x08150000, 0x0b93f000, 0x12c00000)
   the space 57276K,  72% used [0x08150000, 0x0aa059d0, 0x0aa05a00, 0x0b93f000)
 Metaspace       used 5677K, capacity 5823K, committed 5888K, reserved 6528K
Event: 1274.523 GC heap after
Heap after GC invocations=1192 (full 6):
 def new generation   total 25856K, used 1469K [0x02c00000, 0x04800000, 0x08150000)
  eden space 23040K,   0% used [0x02c00000, 0x02c00000, 0x04280000)
  from space 2816K,  52% used [0x04280000, 0x043ef568, 0x04540000)
  to   space 2816K,   0% used [0x04540000, 0x04540000, 0x04800000)
 tenured generation   total 57276K, used 41889K [0x08150000, 0x0b93f000, 0x12c00000)
   the space 57276K,  73% used [0x08150000, 0x0aa385f0, 0x0aa38600, 0x0b93f000)
 Metaspace       used 5677K, capacity 5823K, committed 5888K, reserved 6528K
}

