# JRE version: Java(TM) SE Runtime Environment (8.0_101-b13) (build 1.8.0_101-b13)
# Java VM: Java HotSpot(TM) Client VM (25.101-b13 mixed mode windows-x86 )
Heap:
 def new generation   total 25344K, used 9175K [0x02c00000, 0x04770000, 0x08150000)
  eden space 22592K,  34% used [0x02c00000, 0x03390380, 0x04210000)
  from space 2752K,  51% used [0x04210000, 0x04375a50, 0x044c0000)
  to   space 2752K,   0% used [0x044c0000, 0x044c0000, 0x04770000)
 tenured generation   total 56068K, used 43179K [0x08150000, 0x0b811000, 0x12c00000)
   the space 56068K,  77% used [0x08150000, 0x0ab7ac90, 0x0ab7ae00, 0x0b811000)
 Metaspace       used 5731K, capacity 5890K, committed 6016K, reserved 6528K
GC Heap History (10 events):
Event: 1716.679 GC heap before
{Heap before GC invocations=1446 (full 16):
 def new generation   total 25344K, used 24005K [0x02c00000, 0x04770000, 0x08150000)
  eden space 22592K, 100% used [0x02c00000, 0x04210000, 0x04210000)
  from space 2752K,  51% used [0x044c0000, 0x04621430, 0x04770000)
  to   space 2752K,   0% used [0x04210000, 0x04210000, 0x044c0000)
 tenured generation   total 56068K, used 42196K [0x08150000, 0x0b811000, 0x12c00000)
   the space 56068K,  75% used [0x08150000, 0x0aa851f0, 0x0aa85200, 0x0b811000)
 Metaspace       used 5731K, capacity 5890K, committed 6016K, reserved 6528K
Event: 1717.071 GC heap after
Heap after GC invocations=1447 (full 16):
 def new generation   total 25344K, used 1414K [0x02c00000, 0x04770000, 0x08150000)
  eden space 22592K,   0% used [0x02c00000, 0x02c00000, 0x04210000)
  from space 2752K,  51% used [0x04210000, 0x04371828, 0x044c0000)
  to   space 2752K,   0% used [0x044c0000, 0x044c0000, 0x04770000)
 tenured generation   total 56068K, used 42393K [0x08150000, 0x0b811000, 0x12c00000)
   the space 56068K,  75% used [0x08150000, 0x0aab6530, 0x0aab6600, 0x0b811000)
 Metaspace       used 5731K, capacity 5890K, committed 6016K, reserved 6528K
}
Event: 1718.466 GC heap before
{Heap before GC invocations=1447 (full 16):
 def new generation   total 25344K, used 24006K [0x02c00000, 0x04770000, 0x08150000)
  eden space 22592K, 100% used [0x02c00000, 0x04210000, 0x04210000)
  from space 2752K,  51% used [0x04210000, 0x04371828, 0x044c0000)
  to   space 2752K,   0% used [0x044c0000, 0x044c0000, 0x04770000)
 tenured generation   total 56068K, used 42393K [0x08150000, 0x0b811000, 0x12c00000)
   the space 56068K,  75% used [0x08150000, 0x0aab6530, 0x0aab6600, 0x0b811000)
 Metaspace       used 5731K, capacity 5890K, committed 6016K, reserved 6528K
Event: 1718.475 GC heap after
Heap after GC invocations=1448 (full 16):
 def new generation   total 25344K, used 1414K [0x02c00000, 0x04770000, 0x08150000)
  eden space 22592K,   0% used [0x02c00000, 0x02c00000, 0x04210000)
  from space 2752K,  51% used [0x044c0000, 0x04621af0, 0x04770000)
  to   space 2752K,   0% used [0x04210000, 0x04210000, 0x044c0000)
 tenured generation   total 56068K, used 42589K [0x08150000, 0x0b811000, 0x12c00000)
   the space 56068K,  75% used [0x08150000, 0x0aae7608, 0x0aae7800, 0x0b811000)
 Metaspace       used 5731K, capacity 5890K, committed 6016K, reserved 6528K
}
Event: 1719.230 GC heap before
{Heap before GC invocations=1448 (full 16):
 def new generation   total 25344K, used 24006K [0x02c00000, 0x04770000, 0x08150000)
  eden space 22592K, 100% used [0x02c00000, 0x04210000, 0x04210000)
  from space 2752K,  51% used [0x044c0000, 0x04621af0, 0x04770000)
  to   space 2752K,   0% used [0x04210000, 0x04210000, 0x044c0000)
 tenured generation   total 56068K, used 42589K [0x08150000, 0x0b811000, 0x12c00000)
   the space 56068K,  75% used [0x08150000, 0x0aae7608, 0x0aae7800, 0x0b811000)
 Metaspace       used 5731K, capacity 5890K, committed 6016K, reserved 6528K
Event: 1719.239 GC heap after
Heap after GC invocations=1449 (full 16):
 def new generation   total 25344K, used 1421K [0x02c00000, 0x04770000, 0x08150000)
  eden space 22592K,   0% used [0x02c00000, 0x02c00000, 0x04210000)
  from space 2752K,  51% used [0x04210000, 0x043734e0, 0x044c0000)
  to   space 2752K,   0% used [0x044c0000, 0x044c0000, 0x04770000)
 tenured generation   total 56068K, used 42786K [0x08150000, 0x0b811000, 0x12c00000)
   the space 56068K,  76% used [0x08150000, 0x0ab189e8, 0x0ab18a00, 0x0b811000)
 Metaspace       used 5731K, capacity 5890K, committed 6016K, reserved 6528K
}
Event: 1720.611 GC heap before
{Heap before GC invocations=1449 (full 16):
 def new generation   total 25344K, used 24013K [0x02c00000, 0x04770000, 0x08150000)
  eden space 22592K, 100% used [0x02c00000, 0x04210000, 0x04210000)
  from space 2752K,  51% used [0x04210000, 0x043734e0, 0x044c0000)
  to   space 2752K,   0% used [0x044c0000, 0x044c0000, 0x04770000)
 tenured generation   total 56068K, used 42786K [0x08150000, 0x0b811000, 0x12c00000)
   the space 56068K,  76% used [0x08150000, 0x0ab189e8, 0x0ab18a00, 0x0b811000)
 Metaspace       used 5731K, capacity 5890K, committed 6016K, reserved 6528K
Event: 1720.621 GC heap after
Heap after GC invocations=1450 (full 16):
 def new generation   total 25344K, used 1413K [0x02c00000, 0x04770000, 0x08150000)
  eden space 22592K,   0% used [0x02c00000, 0x02c00000, 0x04210000)
  from space 2752K,  51% used [0x044c0000, 0x046214b8, 0x04770000)
  to   space 2752K,   0% used [0x04210000, 0x04210000, 0x044c0000)
 tenured generation   total 56068K, used 42983K [0x08150000, 0x0b811000, 0x12c00000)
   the space 56068K,  76% used [0x08150000, 0x0ab49de0, 0x0ab49e00, 0x0b811000)
 Metaspace       used 5731K, capacity 5890K, committed 6016K, reserved 6528K
}
Event: 1721.941 GC heap before
{Heap before GC invocations=1450 (full 16):
 def new generation   total 25344K, used 24005K [0x02c00000, 0x04770000, 0x08150000)
  eden space 22592K, 100% used [0x02c00000, 0x04210000, 0x04210000)
  from space 2752K,  51% used [0x044c0000, 0x046214b8, 0x04770000)
  to   space 2752K,   0% used [0x04210000, 0x04210000, 0x044c0000)
 tenured generation   total 56068K, used 42983K [0x08150000, 0x0b811000, 0x12c00000)
   the space 56068K,  76% used [0x08150000, 0x0ab49de0, 0x0ab49e00, 0x0b811000)
 Metaspace       used 5731K, capacity 5890K, committed 6016K, reserved 6528K
Event: 1721.951 GC heap after
Heap after GC invocations=1451 (full 16):
 def new generation   total 25344K, used 1430K [0x02c00000, 0x04770000, 0x08150000)
  eden space 22592K,   0% used [0x02c00000, 0x02c00000, 0x04210000)
  from space 2752K,  51% used [0x04210000, 0x04375a50, 0x044c0000)
  to   space 2752K,   0% used [0x044c0000, 0x044c0000, 0x04770000)
 tenured generation   total 56068K, used 43179K [0x08150000, 0x0b811000, 0x12c00000)
   the space 56068K,  77% used [0x08150000, 0x0ab7ac90, 0x0ab7ae00, 0x0b811000)
 Metaspace       used 5731K, capacity 5890K, committed 6016K, reserved 6528K
}

